c:\users\arek\desktop\solution\xcppdll\x64\debug\xcppdll.pch
c:\users\arek\desktop\solution\xcppdll\x64\debug\vc142.pdb
c:\users\arek\desktop\solution\xcppdll\x64\debug\vc142.idb
c:\users\arek\desktop\solution\xcppdll\x64\debug\pch.obj
c:\users\arek\desktop\solution\xcppdll\x64\debug\dllmain.obj
c:\users\arek\desktop\solution\xcppdll\x64\debug\xcpp.obj
c:\users\arek\desktop\solution\xcppdll\x64\debug\xcppdll.ilk
c:\users\arek\desktop\solution\x64\debug\xcppdll.dll
c:\users\arek\desktop\solution\x64\debug\xcppdll.pdb
c:\users\arek\desktop\solution\x64\debug\xcppdll.lib
c:\users\arek\desktop\solution\x64\debug\xcppdll.exp
c:\users\arek\desktop\projekt ja\projekt-ja-2021\xcppdll\x64\debug\dllmain.obj
c:\users\arek\desktop\projekt ja\projekt-ja-2021\xcppdll\x64\debug\pch.obj
c:\users\arek\desktop\projekt ja\projekt-ja-2021\xcppdll\x64\debug\xcpp.obj
c:\users\arek\desktop\projekt ja\projekt-ja-2021\xcppdll\x64\debug\xcppdll.ilk
c:\users\arek\desktop\projekt ja\projekt-ja-2021\xcppdll\x64\debug\xcppdll.pch
c:\users\arek\desktop\projekt ja\projekt-ja-2021\xcppdll\x64\debug\vc142.idb
c:\users\arek\desktop\projekt ja\projekt-ja-2021\xcppdll\x64\debug\vc142.pdb
c:\users\arek\desktop\projekt ja\projekt-ja-2021\x64\debug\xcppdll.pdb
c:\users\arek\desktop\projekt ja\projekt-ja-2021\x64\debug\xcppdll.dll
c:\users\arek\desktop\projekt ja\projekt-ja-2021\xcppdll\x64\debug\xcppdll.tlog\cl.command.1.tlog
c:\users\arek\desktop\projekt ja\projekt-ja-2021\xcppdll\x64\debug\xcppdll.tlog\cl.read.1.tlog
c:\users\arek\desktop\projekt ja\projekt-ja-2021\xcppdll\x64\debug\xcppdll.tlog\cl.write.1.tlog
c:\users\arek\desktop\projekt ja\projekt-ja-2021\xcppdll\x64\debug\xcppdll.tlog\link.command.1.tlog
c:\users\arek\desktop\projekt ja\projekt-ja-2021\xcppdll\x64\debug\xcppdll.tlog\link.read.1.tlog
c:\users\arek\desktop\projekt ja\projekt-ja-2021\xcppdll\x64\debug\xcppdll.tlog\link.write.1.tlog
c:\users\arek\desktop\projekt ja\projekt-ja-2021\xcppdll\x64\debug\xcppdll.tlog\xcppdll.write.1u.tlog
